[debug] [2023-11-30T00:04:46.124Z] ----------------------------------------------------------------------
[debug] [2023-11-30T00:04:46.132Z] Command:       /Users/emiliedeoliveira/.nvm/versions/node/v20.6.1/bin/node /Users/emiliedeoliveira/.nvm/versions/node/v20.6.1/bin/firebase deploy
[debug] [2023-11-30T00:04:46.132Z] CLI Version:   12.9.1
[debug] [2023-11-30T00:04:46.132Z] Platform:      darwin
[debug] [2023-11-30T00:04:46.132Z] Node Version:  v20.6.1
[debug] [2023-11-30T00:04:46.132Z] Time:          Thu Nov 30 2023 01:04:46 GMT+0100 (UTC+01:00)
[debug] [2023-11-30T00:04:46.132Z] ----------------------------------------------------------------------
[debug] 
[debug] [2023-11-30T00:04:46.136Z] >>> [apiv2][query] GET https://firebase-public.firebaseio.com/cli.json [none]
[debug] [2023-11-30T00:04:46.183Z] Object "" in "firebase.json" has unknown property: {"additionalProperty":"rewrites"}
[debug] [2023-11-30T00:04:46.185Z] > command requires scopes: ["email","openid","https://www.googleapis.com/auth/cloudplatformprojects.readonly","https://www.googleapis.com/auth/firebase","https://www.googleapis.com/auth/cloud-platform"]
[debug] [2023-11-30T00:04:46.185Z] > authorizing via signed-in user (ems.deoliveira@gmail.com)
[debug] [2023-11-30T00:04:46.185Z] [iam] checking project mystorytime-e88bd for permissions ["firebase.projects.get","firebasehosting.sites.update"]
[debug] [2023-11-30T00:04:46.185Z] > refreshing access token with scopes: []
[debug] [2023-11-30T00:04:46.186Z] >>> [apiv2][query] POST https://www.googleapis.com/oauth2/v3/token [none]
[debug] [2023-11-30T00:04:46.186Z] >>> [apiv2][body] POST https://www.googleapis.com/oauth2/v3/token [omitted]
[debug] [2023-11-30T00:04:46.298Z] <<< [apiv2][status] POST https://www.googleapis.com/oauth2/v3/token 200
[debug] [2023-11-30T00:04:46.298Z] <<< [apiv2][body] POST https://www.googleapis.com/oauth2/v3/token [omitted]
[debug] [2023-11-30T00:04:46.307Z] >>> [apiv2][query] POST https://cloudresourcemanager.googleapis.com/v1/projects/mystorytime-e88bd:testIamPermissions [none]
[debug] [2023-11-30T00:04:46.308Z] >>> [apiv2][(partial)header] POST https://cloudresourcemanager.googleapis.com/v1/projects/mystorytime-e88bd:testIamPermissions x-goog-quota-user=projects/mystorytime-e88bd
[debug] [2023-11-30T00:04:46.308Z] >>> [apiv2][body] POST https://cloudresourcemanager.googleapis.com/v1/projects/mystorytime-e88bd:testIamPermissions {"permissions":["firebase.projects.get","firebasehosting.sites.update"]}
[debug] [2023-11-30T00:04:46.456Z] <<< [apiv2][status] GET https://firebase-public.firebaseio.com/cli.json 200
[debug] [2023-11-30T00:04:46.456Z] <<< [apiv2][body] GET https://firebase-public.firebaseio.com/cli.json {"cloudBuildErrorAfter":1594252800000,"cloudBuildWarnAfter":1590019200000,"defaultNode10After":1594252800000,"minVersion":"3.0.5","node8DeploysDisabledAfter":1613390400000,"node8RuntimeDisabledAfter":1615809600000,"node8WarnAfter":1600128000000}
[debug] [2023-11-30T00:04:46.962Z] <<< [apiv2][status] POST https://cloudresourcemanager.googleapis.com/v1/projects/mystorytime-e88bd:testIamPermissions 200
[debug] [2023-11-30T00:04:46.963Z] <<< [apiv2][body] POST https://cloudresourcemanager.googleapis.com/v1/projects/mystorytime-e88bd:testIamPermissions {"permissions":["firebase.projects.get","firebasehosting.sites.update"]}
[debug] [2023-11-30T00:04:46.964Z] >>> [apiv2][query] GET https://firebase.googleapis.com/v1beta1/projects/mystorytime-e88bd [none]
[debug] [2023-11-30T00:04:47.202Z] <<< [apiv2][status] GET https://firebase.googleapis.com/v1beta1/projects/mystorytime-e88bd 200
[debug] [2023-11-30T00:04:47.202Z] <<< [apiv2][body] GET https://firebase.googleapis.com/v1beta1/projects/mystorytime-e88bd {"projectId":"mystorytime-e88bd","projectNumber":"596649773400","displayName":"MyStoryTime","name":"projects/mystorytime-e88bd","resources":{"hostingSite":"mystorytime-e88bd","storageBucket":"mystorytime-e88bd.appspot.com","locationId":"us-central"},"state":"ACTIVE","etag":"1_796df0e6-6d01-4550-a717-97d4a00c3b75"}
[debug] [2023-11-30T00:04:48.427Z] defaultcredentials: writing to file /Users/emiliedeoliveira/.config/firebase/ems_deoliveira_gmail.com_application_default_credentials.json
[debug] [2023-11-30T00:04:48.431Z] >>> [apiv2][query] GET https://firebasehosting.googleapis.com/v1beta1/projects/mystorytime-e88bd/sites pageToken=&pageSize=10
[debug] [2023-11-30T00:04:49.399Z] <<< [apiv2][status] GET https://firebasehosting.googleapis.com/v1beta1/projects/mystorytime-e88bd/sites 200
[debug] [2023-11-30T00:04:49.399Z] <<< [apiv2][body] GET https://firebasehosting.googleapis.com/v1beta1/projects/mystorytime-e88bd/sites {"sites":[{"name":"projects/mystorytime-e88bd/sites/mystorytime-e88bd","defaultUrl":"https://mystorytime-e88bd.web.app","type":"DEFAULT_SITE"}]}
[debug] [2023-11-30T00:04:49.400Z] >>> [apiv2][query] GET https://firebasehosting.googleapis.com/v1beta1/projects/mystorytime-e88bd/sites 
[debug] [2023-11-30T00:04:49.650Z] <<< [apiv2][status] GET https://firebasehosting.googleapis.com/v1beta1/projects/mystorytime-e88bd/sites 200
[debug] [2023-11-30T00:04:49.650Z] <<< [apiv2][body] GET https://firebasehosting.googleapis.com/v1beta1/projects/mystorytime-e88bd/sites {"sites":[{"name":"projects/mystorytime-e88bd/sites/mystorytime-e88bd","defaultUrl":"https://mystorytime-e88bd.web.app","type":"DEFAULT_SITE"}]}
[debug] [2023-11-30T00:04:49.651Z] >>> [apiv2][query] GET https://firebase.googleapis.com/v1beta1/projects/mystorytime-e88bd/webApps/-/config [none]
[debug] [2023-11-30T00:04:50.156Z] <<< [apiv2][status] GET https://firebase.googleapis.com/v1beta1/projects/mystorytime-e88bd/webApps/-/config 200
[debug] [2023-11-30T00:04:50.156Z] <<< [apiv2][body] GET https://firebase.googleapis.com/v1beta1/projects/mystorytime-e88bd/webApps/-/config {"projectId":"mystorytime-e88bd","appId":"1:596649773400:web:5c7e47078f59b4f3ffbd2d","storageBucket":"mystorytime-e88bd.appspot.com","locationId":"us-central","apiKey":"AIzaSyB7FTTG3UBSUDuETy_JJWOpq_yOdwDmSa4","authDomain":"mystorytime-e88bd.firebaseapp.com","messagingSenderId":"596649773400","measurementId":"G-B665FJBLXE"}
[info] 
   Thank you for trying our early preview of Next.js support on Firebase Hosting.
   During the preview, support is best-effort and breaking changes can be expected. Proceed with caution.

   Documentation: https://firebase.google.com/docs/hosting/frameworks/nextjs
   File a bug: https://github.com/firebase/firebase-tools/issues/new?template=bug_report.md
   Submit a feature request: https://github.com/firebase/firebase-tools/issues/new?template=feature_request.md

   We'd love to learn from you. Express your interest in helping us shape the future of Firebase Hosting: https://goo.gle/41enW5X

[info]    ▲ Next.js 14.0.1

[info] 
   Creating an optimized production build ...

[info] 
🌼   daisyUI 4.4.6

[info] ├─ ✔︎ 3 themes added		https://daisyui.com/docs/themes
╰─ ★ Star daisyUI on GitHub	https://github.com/saadeghi/daisyui


